<?xml version="1.0" encoding="UTF-8"?>
<!-- Generated by org.testng.reporters.JUnitXMLReporter -->
<testsuite hostname="chintan" name="Command line test" tests="3" failures="0" timestamp="9 Jun 2014 18:40:22 GMT" time="2.599" errors="0">
  <testcase name="getUserAIWinLoss" time="0.234" classname="ttt.model.dao.GameDaoTest"/>
  <testcase name="getPlayer" time="0.0" classname="ttt.model.dao.PlayerDaoTest"/>
  <testcase name="getUserAIWinLoss" time="0.032" classname="ttt.model.dao.SavedPositionDaoTest"/>
</testsuite> <!-- Command line test -->
